# JRE version: Java(TM) SE Runtime Environment (8.0_111-b14) (build 1.8.0_111-b14)
# Java VM: Java HotSpot(TM) 64-Bit Server VM (25.111-b14 mixed mode windows-amd64 compressed oops)
Heap:
 PSYoungGen      total 62976K, used 39602K [0x00000000d6180000, 0x00000000dab00000, 0x0000000100000000)
  eden space 53760K, 57% used [0x00000000d6180000,0x00000000d7fc44e0,0x00000000d9600000)
  from space 9216K, 93% used [0x00000000da000000,0x00000000da868560,0x00000000da900000)
  to   space 10240K, 0% used [0x00000000d9600000,0x00000000d9600000,0x00000000da000000)
 ParOldGen       total 52224K, used 6064K [0x0000000082400000, 0x0000000085700000, 0x00000000d6180000)
  object space 52224K, 11% used [0x0000000082400000,0x00000000829ec238,0x0000000085700000)
 Metaspace       used 28041K, capacity 28224K, committed 28544K, reserved 1075200K
  class space    used 3329K, capacity 3380K, committed 3456K, reserved 1048576K
GC Heap History (10 events):
Event: 11.734 GC heap before
{Heap before GC invocations=3 (full 0):
 PSYoungGen      total 37888K, used 37864K [0x00000000d6180000, 0x00000000d8b80000, 0x0000000100000000)
  eden space 32768K, 100% used [0x00000000d6180000,0x00000000d8180000,0x00000000d8180000)
  from space 5120K, 99% used [0x00000000d8680000,0x00000000d8b7a108,0x00000000d8b80000)
  to   space 5120K, 0% used [0x00000000d8180000,0x00000000d8180000,0x00000000d8680000)
 ParOldGen       total 86016K, used 1859K [0x0000000082400000, 0x0000000087800000, 0x00000000d6180000)
  object space 86016K, 2% used [0x0000000082400000,0x00000000825d0df0,0x0000000087800000)
 Metaspace       used 20525K, capacity 20678K, committed 20992K, reserved 1067008K
  class space    used 2451K, capacity 2491K, committed 2560K, reserved 1048576K
Event: 11.750 GC heap after
Heap after GC invocations=3 (full 0):
 PSYoungGen      total 37888K, used 5107K [0x00000000d6180000, 0x00000000d8b80000, 0x0000000100000000)
  eden space 32768K, 0% used [0x00000000d6180000,0x00000000d6180000,0x00000000d8180000)
  from space 5120K, 99% used [0x00000000d8180000,0x00000000d867cf58,0x00000000d8680000)
  to   space 5120K, 0% used [0x00000000d8680000,0x00000000d8680000,0x00000000d8b80000)
 ParOldGen       total 86016K, used 4550K [0x0000000082400000, 0x0000000087800000, 0x00000000d6180000)
  object space 86016K, 5% used [0x0000000082400000,0x0000000082871930,0x0000000087800000)
 Metaspace       used 20525K, capacity 20678K, committed 20992K, reserved 1067008K
  class space    used 2451K, capacity 2491K, committed 2560K, reserved 1048576K
}
Event: 12.000 GC heap before
{Heap before GC invocations=4 (full 0):
 PSYoungGen      total 37888K, used 12079K [0x00000000d6180000, 0x00000000d8b80000, 0x0000000100000000)
  eden space 32768K, 21% used [0x00000000d6180000,0x00000000d684ee18,0x00000000d8180000)
  from space 5120K, 99% used [0x00000000d8180000,0x00000000d867cf58,0x00000000d8680000)
  to   space 5120K, 0% used [0x00000000d8680000,0x00000000d8680000,0x00000000d8b80000)
 ParOldGen       total 86016K, used 4550K [0x0000000082400000, 0x0000000087800000, 0x00000000d6180000)
  object space 86016K, 5% used [0x0000000082400000,0x0000000082871930,0x0000000087800000)
 Metaspace       used 21050K, capacity 21158K, committed 21248K, reserved 1069056K
  class space    used 2509K, capacity 2523K, committed 2560K, reserved 1048576K
Event: 12.014 GC heap after
Heap after GC invocations=4 (full 0):
 PSYoungGen      total 37888K, used 5103K [0x00000000d6180000, 0x00000000dab80000, 0x0000000100000000)
  eden space 32768K, 0% used [0x00000000d6180000,0x00000000d6180000,0x00000000d8180000)
  from space 5120K, 99% used [0x00000000d8680000,0x00000000d8b7bd48,0x00000000d8b80000)
  to   space 5120K, 0% used [0x00000000d8180000,0x00000000d8180000,0x00000000d8680000)
 ParOldGen       total 86016K, used 5154K [0x0000000082400000, 0x0000000087800000, 0x00000000d6180000)
  object space 86016K, 5% used [0x0000000082400000,0x0000000082908ba8,0x0000000087800000)
 Metaspace       used 21050K, capacity 21158K, committed 21248K, reserved 1069056K
  class space    used 2509K, capacity 2523K, committed 2560K, reserved 1048576K
}
Event: 12.014 GC heap before
{Heap before GC invocations=5 (full 1):
 PSYoungGen      total 37888K, used 5103K [0x00000000d6180000, 0x00000000dab80000, 0x0000000100000000)
  eden space 32768K, 0% used [0x00000000d6180000,0x00000000d6180000,0x00000000d8180000)
  from space 5120K, 99% used [0x00000000d8680000,0x00000000d8b7bd48,0x00000000d8b80000)
  to   space 5120K, 0% used [0x00000000d8180000,0x00000000d8180000,0x00000000d8680000)
 ParOldGen       total 86016K, used 5154K [0x0000000082400000, 0x0000000087800000, 0x00000000d6180000)
  object space 86016K, 5% used [0x0000000082400000,0x0000000082908ba8,0x0000000087800000)
 Metaspace       used 21050K, capacity 21158K, committed 21248K, reserved 1069056K
  class space    used 2509K, capacity 2523K, committed 2560K, reserved 1048576K
Event: 12.101 GC heap after
Heap after GC invocations=5 (full 1):
 PSYoungGen      total 37888K, used 0K [0x00000000d6180000, 0x00000000dab80000, 0x0000000100000000)
  eden space 32768K, 0% used [0x00000000d6180000,0x00000000d6180000,0x00000000d8180000)
  from space 5120K, 0% used [0x00000000d8680000,0x00000000d8680000,0x00000000d8b80000)
  to   space 5120K, 0% used [0x00000000d8180000,0x00000000d8180000,0x00000000d8680000)
 ParOldGen       total 52224K, used 6048K [0x0000000082400000, 0x0000000085700000, 0x00000000d6180000)
  object space 52224K, 11% used [0x0000000082400000,0x00000000829e8238,0x0000000085700000)
 Metaspace       used 21050K, capacity 21158K, committed 21248K, reserved 1069056K
  class space    used 2509K, capacity 2523K, committed 2560K, reserved 1048576K
}
Event: 13.509 GC heap before
{Heap before GC invocations=6 (full 1):
 PSYoungGen      total 37888K, used 32768K [0x00000000d6180000, 0x00000000dab80000, 0x0000000100000000)
  eden space 32768K, 100% used [0x00000000d6180000,0x00000000d8180000,0x00000000d8180000)
  from space 5120K, 0% used [0x00000000d8680000,0x00000000d8680000,0x00000000d8b80000)
  to   space 5120K, 0% used [0x00000000d8180000,0x00000000d8180000,0x00000000d8680000)
 ParOldGen       total 52224K, used 6048K [0x0000000082400000, 0x0000000085700000, 0x00000000d6180000)
  object space 52224K, 11% used [0x0000000082400000,0x00000000829e8238,0x0000000085700000)
 Metaspace       used 23627K, capacity 23886K, committed 24192K, reserved 1071104K
  class space    used 2821K, capacity 2897K, committed 2944K, reserved 1048576K
Event: 13.519 GC heap after
Heap after GC invocations=6 (full 1):
 PSYoungGen      total 37888K, used 2524K [0x00000000d6180000, 0x00000000da900000, 0x0000000100000000)
  eden space 32768K, 0% used [0x00000000d6180000,0x00000000d6180000,0x00000000d8180000)
  from space 5120K, 49% used [0x00000000d8180000,0x00000000d83f7208,0x00000000d8680000)
  to   space 9216K, 0% used [0x00000000da000000,0x00000000da000000,0x00000000da900000)
 ParOldGen       total 52224K, used 6056K [0x0000000082400000, 0x0000000085700000, 0x00000000d6180000)
  object space 52224K, 11% used [0x0000000082400000,0x00000000829ea238,0x0000000085700000)
 Metaspace       used 23627K, capacity 23886K, committed 24192K, reserved 1071104K
  class space    used 2821K, capacity 2897K, committed 2944K, reserved 1048576K
}
Event: 14.774 GC heap before
{Heap before GC invocations=7 (full 1):
 PSYoungGen      total 37888K, used 35292K [0x00000000d6180000, 0x00000000da900000, 0x0000000100000000)
  eden space 32768K, 100% used [0x00000000d6180000,0x00000000d8180000,0x00000000d8180000)
  from space 5120K, 49% used [0x00000000d8180000,0x00000000d83f7208,0x00000000d8680000)
  to   space 9216K, 0% used [0x00000000da000000,0x00000000da000000,0x00000000da900000)
 ParOldGen       total 52224K, used 6056K [0x0000000082400000, 0x0000000085700000, 0x00000000d6180000)
  object space 52224K, 11% used [0x0000000082400000,0x00000000829ea238,0x0000000085700000)
 Metaspace       used 27381K, capacity 27636K, committed 27904K, reserved 1073152K
  class space    used 3256K, capacity 3314K, committed 3328K, reserved 1048576K
Event: 14.791 GC heap after
Heap after GC invocations=7 (full 1):
 PSYoungGen      total 62976K, used 8609K [0x00000000d6180000, 0x00000000dab00000, 0x0000000100000000)
  eden space 53760K, 0% used [0x00000000d6180000,0x00000000d6180000,0x00000000d9600000)
  from space 9216K, 93% used [0x00000000da000000,0x00000000da868560,0x00000000da900000)
  to   space 10240K, 0% used [0x00000000d9600000,0x00000000d9600000,0x00000000da000000)
 ParOldGen       total 52224K, used 6064K [0x0000000082400000, 0x0000000085700000, 0x00000000d6180000)
  object space 52224K, 11% used [0x0000000082400000,0x00000000829ec238,0x0000000085700000)
 Metaspace       used 27381K, capacity 27636K, committed 27904K, reserved 1073152K
  class space    used 3256K, capacity 3314K, committed 3328K, reserved 1048576K
}

