# JRE version: Java(TM) SE Runtime Environment (8.0_111-b14) (build 1.8.0_111-b14)
# Java VM: Java HotSpot(TM) 64-Bit Server VM (25.111-b14 mixed mode windows-amd64 compressed oops)
Heap:
 PSYoungGen      total 37888K, used 26133K [0x00000000d6180000, 0x00000000da700000, 0x0000000100000000)
  eden space 32768K, 72% used [0x00000000d6180000,0x00000000d789d730,0x00000000d8180000)
  from space 5120K, 48% used [0x00000000d8180000,0x00000000d83e8000,0x00000000d8680000)
  to   space 9216K, 0% used [0x00000000d9e00000,0x00000000d9e00000,0x00000000da700000)
 ParOldGen       total 54272K, used 6273K [0x0000000082400000, 0x0000000085900000, 0x00000000d6180000)
  object space 54272K, 11% used [0x0000000082400000,0x0000000082a206b8,0x0000000085900000)
 Metaspace       used 24949K, capacity 25174K, committed 25392K, reserved 1071104K
  class space    used 3038K, capacity 3091K, committed 3120K, reserved 1048576K
GC Heap History (10 events):
Event: 7.048 GC heap before
{Heap before GC invocations=2 (full 0):
 PSYoungGen      total 37888K, used 37858K [0x00000000d6180000, 0x00000000d8b80000, 0x0000000100000000)
  eden space 32768K, 100% used [0x00000000d6180000,0x00000000d8180000,0x00000000d8180000)
  from space 5120K, 99% used [0x00000000d8180000,0x00000000d8678b20,0x00000000d8680000)
  to   space 5120K, 0% used [0x00000000d8680000,0x00000000d8680000,0x00000000d8b80000)
 ParOldGen       total 86016K, used 754K [0x0000000082400000, 0x0000000087800000, 0x00000000d6180000)
  object space 86016K, 0% used [0x0000000082400000,0x00000000824bcb70,0x0000000087800000)
 Metaspace       used 15502K, capacity 15636K, committed 15744K, reserved 1062912K
  class space    used 1845K, capacity 1880K, committed 1920K, reserved 1048576K
Event: 7.065 GC heap after
Heap after GC invocations=2 (full 0):
 PSYoungGen      total 37888K, used 5099K [0x00000000d6180000, 0x00000000d8b80000, 0x0000000100000000)
  eden space 32768K, 0% used [0x00000000d6180000,0x00000000d6180000,0x00000000d8180000)
  from space 5120K, 99% used [0x00000000d8680000,0x00000000d8b7aec0,0x00000000d8b80000)
  to   space 5120K, 0% used [0x00000000d8180000,0x00000000d8180000,0x00000000d8680000)
 ParOldGen       total 86016K, used 2098K [0x0000000082400000, 0x0000000087800000, 0x00000000d6180000)
  object space 86016K, 2% used [0x0000000082400000,0x000000008260c800,0x0000000087800000)
 Metaspace       used 15502K, capacity 15636K, committed 15744K, reserved 1062912K
  class space    used 1845K, capacity 1880K, committed 1920K, reserved 1048576K
}
Event: 8.663 GC heap before
{Heap before GC invocations=3 (full 0):
 PSYoungGen      total 37888K, used 37867K [0x00000000d6180000, 0x00000000d8b80000, 0x0000000100000000)
  eden space 32768K, 100% used [0x00000000d6180000,0x00000000d8180000,0x00000000d8180000)
  from space 5120K, 99% used [0x00000000d8680000,0x00000000d8b7aec0,0x00000000d8b80000)
  to   space 5120K, 0% used [0x00000000d8180000,0x00000000d8180000,0x00000000d8680000)
 ParOldGen       total 86016K, used 2098K [0x0000000082400000, 0x0000000087800000, 0x00000000d6180000)
  object space 86016K, 2% used [0x0000000082400000,0x000000008260c800,0x0000000087800000)
 Metaspace       used 20422K, capacity 20544K, committed 20736K, reserved 1067008K
  class space    used 2455K, capacity 2490K, committed 2560K, reserved 1048576K
Event: 8.681 GC heap after
Heap after GC invocations=3 (full 0):
 PSYoungGen      total 37888K, used 5090K [0x00000000d6180000, 0x00000000d8b80000, 0x0000000100000000)
  eden space 32768K, 0% used [0x00000000d6180000,0x00000000d6180000,0x00000000d8180000)
  from space 5120K, 99% used [0x00000000d8180000,0x00000000d86789f8,0x00000000d8680000)
  to   space 5120K, 0% used [0x00000000d8680000,0x00000000d8680000,0x00000000d8b80000)
 ParOldGen       total 86016K, used 4812K [0x0000000082400000, 0x0000000087800000, 0x00000000d6180000)
  object space 86016K, 5% used [0x0000000082400000,0x00000000828b3140,0x0000000087800000)
 Metaspace       used 20422K, capacity 20544K, committed 20736K, reserved 1067008K
  class space    used 2455K, capacity 2490K, committed 2560K, reserved 1048576K
}
Event: 8.967 GC heap before
{Heap before GC invocations=4 (full 0):
 PSYoungGen      total 37888K, used 14474K [0x00000000d6180000, 0x00000000d8b80000, 0x0000000100000000)
  eden space 32768K, 28% used [0x00000000d6180000,0x00000000d6aa9f78,0x00000000d8180000)
  from space 5120K, 99% used [0x00000000d8180000,0x00000000d86789f8,0x00000000d8680000)
  to   space 5120K, 0% used [0x00000000d8680000,0x00000000d8680000,0x00000000d8b80000)
 ParOldGen       total 86016K, used 4812K [0x0000000082400000, 0x0000000087800000, 0x00000000d6180000)
  object space 86016K, 5% used [0x0000000082400000,0x00000000828b3140,0x0000000087800000)
 Metaspace       used 21056K, capacity 21222K, committed 21296K, reserved 1069056K
  class space    used 2536K, capacity 2587K, committed 2608K, reserved 1048576K
Event: 8.982 GC heap after
Heap after GC invocations=4 (full 0):
 PSYoungGen      total 37888K, used 5090K [0x00000000d6180000, 0x00000000d8b80000, 0x0000000100000000)
  eden space 32768K, 0% used [0x00000000d6180000,0x00000000d6180000,0x00000000d8180000)
  from space 5120K, 99% used [0x00000000d8680000,0x00000000d8b789f8,0x00000000d8b80000)
  to   space 5120K, 0% used [0x00000000d8180000,0x00000000d8180000,0x00000000d8680000)
 ParOldGen       total 86016K, used 5595K [0x0000000082400000, 0x0000000087800000, 0x00000000d6180000)
  object space 86016K, 6% used [0x0000000082400000,0x0000000082976cf8,0x0000000087800000)
 Metaspace       used 21056K, capacity 21222K, committed 21296K, reserved 1069056K
  class space    used 2536K, capacity 2587K, committed 2608K, reserved 1048576K
}
Event: 8.983 GC heap before
{Heap before GC invocations=5 (full 1):
 PSYoungGen      total 37888K, used 5090K [0x00000000d6180000, 0x00000000d8b80000, 0x0000000100000000)
  eden space 32768K, 0% used [0x00000000d6180000,0x00000000d6180000,0x00000000d8180000)
  from space 5120K, 99% used [0x00000000d8680000,0x00000000d8b789f8,0x00000000d8b80000)
  to   space 5120K, 0% used [0x00000000d8180000,0x00000000d8180000,0x00000000d8680000)
 ParOldGen       total 86016K, used 5595K [0x0000000082400000, 0x0000000087800000, 0x00000000d6180000)
  object space 86016K, 6% used [0x0000000082400000,0x0000000082976cf8,0x0000000087800000)
 Metaspace       used 21056K, capacity 21222K, committed 21296K, reserved 1069056K
  class space    used 2536K, capacity 2587K, committed 2608K, reserved 1048576K
Event: 9.075 GC heap after
Heap after GC invocations=5 (full 1):
 PSYoungGen      total 37888K, used 0K [0x00000000d6180000, 0x00000000d8b80000, 0x0000000100000000)
  eden space 32768K, 0% used [0x00000000d6180000,0x00000000d6180000,0x00000000d8180000)
  from space 5120K, 0% used [0x00000000d8680000,0x00000000d8680000,0x00000000d8b80000)
  to   space 5120K, 0% used [0x00000000d8180000,0x00000000d8180000,0x00000000d8680000)
 ParOldGen       total 54272K, used 6265K [0x0000000082400000, 0x0000000085900000, 0x00000000d6180000)
  object space 54272K, 11% used [0x0000000082400000,0x0000000082a1e6b8,0x0000000085900000)
 Metaspace       used 21056K, capacity 21222K, committed 21296K, reserved 1069056K
  class space    used 2536K, capacity 2587K, committed 2608K, reserved 1048576K
}
Event: 10.542 GC heap before
{Heap before GC invocations=6 (full 1):
 PSYoungGen      total 37888K, used 32768K [0x00000000d6180000, 0x00000000d8b80000, 0x0000000100000000)
  eden space 32768K, 100% used [0x00000000d6180000,0x00000000d8180000,0x00000000d8180000)
  from space 5120K, 0% used [0x00000000d8680000,0x00000000d8680000,0x00000000d8b80000)
  to   space 5120K, 0% used [0x00000000d8180000,0x00000000d8180000,0x00000000d8680000)
 ParOldGen       total 54272K, used 6265K [0x0000000082400000, 0x0000000085900000, 0x00000000d6180000)
  object space 54272K, 11% used [0x0000000082400000,0x0000000082a1e6b8,0x0000000085900000)
 Metaspace       used 23421K, capacity 23684K, committed 23984K, reserved 1071104K
  class space    used 2818K, capacity 2896K, committed 2992K, reserved 1048576K
Event: 10.554 GC heap after
Heap after GC invocations=6 (full 1):
 PSYoungGen      total 37888K, used 2464K [0x00000000d6180000, 0x00000000da700000, 0x0000000100000000)
  eden space 32768K, 0% used [0x00000000d6180000,0x00000000d6180000,0x00000000d8180000)
  from space 5120K, 48% used [0x00000000d8180000,0x00000000d83e8000,0x00000000d8680000)
  to   space 9216K, 0% used [0x00000000d9e00000,0x00000000d9e00000,0x00000000da700000)
 ParOldGen       total 54272K, used 6273K [0x0000000082400000, 0x0000000085900000, 0x00000000d6180000)
  object space 54272K, 11% used [0x0000000082400000,0x0000000082a206b8,0x0000000085900000)
 Metaspace       used 23421K, capacity 23684K, committed 23984K, reserved 1071104K
  class space    used 2818K, capacity 2896K, committed 2992K, reserved 1048576K
}

